<?xml version="1.0" encoding="UTF-8"?>
<TestRun id="b21217fb-d36b-4723-b919-4eca446fa16f" name="kerwin@HP-HP 2013-07-24 20:18:33" runUser="hp-HP\kerwin" xmlns="http://microsoft.com/schemas/VisualStudio/TeamTest/2010">
  <TestSettings name="本地" id="531aca3c-fce8-4ebb-aab7-3db4d6597b24">
    <Description>这些设置为本地测试运行的默认测试设置。</Description>
    <Deployment enabled="false" runDeploymentRoot="kerwin_HP-HP 2013-07-24 20_18_33">
      <DeploymentItem filename="E:\project\ArithmeticExpression\ArithmeticExpression\bin\Release\ArithmeticExpression.dll" />
    </Deployment>
    <Execution>
      <TestTypeSpecific />
      <AgentRule name="Execution Agents">
      </AgentRule>
    </Execution>
  </TestSettings>
  <Times creation="2013-07-24T20:18:33.0028780+08:00" queuing="2013-07-24T20:18:37.7421491+08:00" start="2013-07-24T20:18:38.0231652+08:00" finish="2013-07-24T20:18:49.5458242+08:00" />
  <ResultSummary outcome="Error">
    <Counters total="2" executed="1" error="0" failed="0" timeout="0" aborted="1" inconclusive="0" passedButRunAborted="0" notRunnable="0" notExecuted="1" disconnected="0" warning="0" passed="0" completed="0" inProgress="0" pending="0" />
    <RunInfos>
      <RunInfo computerName="HP-HP" outcome="Error" timestamp="2013-07-24T20:18:49.5428241+08:00">
        <Text>测试宿主进程意外退出。</Text>
      </RunInfo>
    </RunInfos>
  </ResultSummary>
  <TestDefinitions>
    <UnitTest name="Calc_ExprBackTest" storage="e:\project\科学计算器多功能版\testproject1\bin\release\testproject1.dll" id="16e3d6f2-97ec-1aa7-3461-75f8c5695b71">
      <Execution id="d3541311-2b6d-4168-af82-12f1961a8649" />
      <TestMethod codeBase="E:/project/科学计算器多功能版/TestProject1/bin/Release/TestProject1.DLL" adapterTypeName="Microsoft.VisualStudio.TestTools.TestTypes.Unit.UnitTestAdapter, Microsoft.VisualStudio.QualityTools.Tips.UnitTest.Adapter, Version=10.0.0.0, Culture=neutral, PublicKeyToken=b03f5f7f11d50a3a" className="TestProject1.ArithmeticExpressionTest, TestProject1, Version=1.0.0.0, Culture=neutral, PublicKeyToken=null" name="Calc_ExprBackTest" />
    </UnitTest>
    <UnitTest name="ConvertExprBackTest" storage="e:\project\科学计算器多功能版\testproject1\bin\release\testproject1.dll" id="6924babe-df52-c562-c3a8-d4237c9a4e3c">
      <Execution id="e6304eb0-f6e6-458d-a652-a00d69fc635c" />
      <TestMethod codeBase="E:/project/科学计算器多功能版/TestProject1/bin/Release/TestProject1.DLL" adapterTypeName="Microsoft.VisualStudio.TestTools.TestTypes.Unit.UnitTestAdapter, Microsoft.VisualStudio.QualityTools.Tips.UnitTest.Adapter, Version=10.0.0.0, Culture=neutral, PublicKeyToken=b03f5f7f11d50a3a" className="TestProject1.ArithmeticExpressionTest, TestProject1, Version=1.0.0.0, Culture=neutral, PublicKeyToken=null" name="ConvertExprBackTest" />
    </UnitTest>
  </TestDefinitions>
  <TestLists>
    <TestList name="列表中未列出的结果" id="8c84fa94-04c1-424b-9868-57a2d4851a1d" />
    <TestList name="所有已加载的结果" id="19431567-8539-422a-85d7-44ee4e166bda" />
  </TestLists>
  <TestEntries>
    <TestEntry testId="16e3d6f2-97ec-1aa7-3461-75f8c5695b71" executionId="d3541311-2b6d-4168-af82-12f1961a8649" testListId="8c84fa94-04c1-424b-9868-57a2d4851a1d" />
    <TestEntry testId="6924babe-df52-c562-c3a8-d4237c9a4e3c" executionId="e6304eb0-f6e6-458d-a652-a00d69fc635c" testListId="8c84fa94-04c1-424b-9868-57a2d4851a1d" />
  </TestEntries>
  <Results>
    <UnitTestResult executionId="d3541311-2b6d-4168-af82-12f1961a8649" testId="16e3d6f2-97ec-1aa7-3461-75f8c5695b71" testName="Calc_ExprBackTest" computerName="HP-HP" duration="00:00:11.3216475" startTime="2013-07-24T20:18:38.2241767+08:00" endTime="2013-07-24T20:18:49.5458242+08:00" testType="13cdc9d9-ddb5-4fa4-a97d-d965ccfc6d4b" outcome="Aborted" testListId="8c84fa94-04c1-424b-9868-57a2d4851a1d" relativeResultsDirectory="d3541311-2b6d-4168-af82-12f1961a8649">
    </UnitTestResult>
    <UnitTestResult executionId="e6304eb0-f6e6-458d-a652-a00d69fc635c" testId="6924babe-df52-c562-c3a8-d4237c9a4e3c" testName="ConvertExprBackTest" computerName="HP-HP" testType="13cdc9d9-ddb5-4fa4-a97d-d965ccfc6d4b" outcome="NotExecuted" testListId="8c84fa94-04c1-424b-9868-57a2d4851a1d" relativeResultsDirectory="e6304eb0-f6e6-458d-a652-a00d69fc635c">
    </UnitTestResult>
  </Results>
</TestRun>