<?xml version="1.0" encoding="UTF-8"?>
<TestRun id="efb83f4c-643a-45ad-873f-fd4a0ce8cedb" name="kerwin@HP-HP 2013-07-24 20:28:02" runUser="hp-HP\kerwin" xmlns="http://microsoft.com/schemas/VisualStudio/TeamTest/2010">
  <TestSettings name="本地" id="531aca3c-fce8-4ebb-aab7-3db4d6597b24">
    <Description>这些设置为本地测试运行的默认测试设置。</Description>
    <Deployment enabled="false" runDeploymentRoot="kerwin_HP-HP 2013-07-24 20_28_02">
      <DeploymentItem filename="E:\project\ArithmeticExpression\ArithmeticExpression\bin\Release\ArithmeticExpression.dll" />
    </Deployment>
    <Execution>
      <TestTypeSpecific />
      <AgentRule name="Execution Agents">
      </AgentRule>
    </Execution>
  </TestSettings>
  <Times creation="2013-07-24T20:28:02.0034219+08:00" queuing="2013-07-24T20:28:07.1937188+08:00" start="2013-07-24T20:28:07.4977361+08:00" finish="2013-07-24T20:28:27.6598894+08:00" />
  <ResultSummary outcome="Error">
    <Counters total="1" executed="1" error="0" failed="0" timeout="0" aborted="1" inconclusive="0" passedButRunAborted="0" notRunnable="0" notExecuted="0" disconnected="0" warning="0" passed="0" completed="0" inProgress="0" pending="0" />
    <RunInfos>
      <RunInfo computerName="HP-HP" outcome="Error" timestamp="2013-07-24T20:28:27.6568892+08:00">
        <Text>测试宿主进程意外退出。</Text>
      </RunInfo>
    </RunInfos>
  </ResultSummary>
  <TestDefinitions>
    <UnitTest name="EvalTest" storage="e:\project\科学计算器多功能版\testproject1\bin\release\testproject1.dll" id="4aad771e-ef02-59c8-b909-ef1fa4dff3ab">
      <Execution id="cd683603-36a0-4d0f-b8c0-a41dd6357c23" />
      <TestMethod codeBase="E:/project/科学计算器多功能版/TestProject1/bin/Release/TestProject1.DLL" adapterTypeName="Microsoft.VisualStudio.TestTools.TestTypes.Unit.UnitTestAdapter, Microsoft.VisualStudio.QualityTools.Tips.UnitTest.Adapter, Version=10.0.0.0, Culture=neutral, PublicKeyToken=b03f5f7f11d50a3a" className="TestProject1.ArithmeticExpressionTest, TestProject1, Version=1.0.0.0, Culture=neutral, PublicKeyToken=null" name="EvalTest" />
    </UnitTest>
  </TestDefinitions>
  <TestLists>
    <TestList name="列表中未列出的结果" id="8c84fa94-04c1-424b-9868-57a2d4851a1d" />
    <TestList name="所有已加载的结果" id="19431567-8539-422a-85d7-44ee4e166bda" />
  </TestLists>
  <TestEntries>
    <TestEntry testId="4aad771e-ef02-59c8-b909-ef1fa4dff3ab" executionId="cd683603-36a0-4d0f-b8c0-a41dd6357c23" testListId="8c84fa94-04c1-424b-9868-57a2d4851a1d" />
  </TestEntries>
  <Results>
    <UnitTestResult executionId="cd683603-36a0-4d0f-b8c0-a41dd6357c23" testId="4aad771e-ef02-59c8-b909-ef1fa4dff3ab" testName="EvalTest" computerName="HP-HP" duration="00:00:19.9241396" startTime="2013-07-24T20:28:07.7357498+08:00" endTime="2013-07-24T20:28:27.6598894+08:00" testType="13cdc9d9-ddb5-4fa4-a97d-d965ccfc6d4b" outcome="Aborted" testListId="8c84fa94-04c1-424b-9868-57a2d4851a1d" relativeResultsDirectory="cd683603-36a0-4d0f-b8c0-a41dd6357c23">
    </UnitTestResult>
  </Results>
</TestRun>